{"numTotalTestSuites":10,"numPassedTestSuites":8,"numFailedTestSuites":2,"numPendingTestSuites":0,"numTotalTests":38,"numPassedTests":36,"numFailedTests":2,"numPendingTests":0,"numTodoTests":0,"snapshot":{"added":0,"failure":false,"filesAdded":0,"filesRemoved":0,"filesRemovedList":[],"filesUnmatched":0,"filesUpdated":0,"matched":0,"total":0,"unchecked":0,"uncheckedKeysByFile":[],"unmatched":0,"updated":0,"didUpdate":false},"startTime":1774295146333,"success":false,"testResults":[{"assertionResults":[{"ancestorTitles":["AlertasPanel"],"fullName":"AlertasPanel shows heading \"Alertas\"","status":"passed","title":"shows heading \"Alertas\"","duration":38.580200000000104,"failureMessages":[],"meta":{}},{"ancestorTitles":["AlertasPanel"],"fullName":"AlertasPanel shows \"Sin alertas\" message when no high-risk barrios","status":"passed","title":"shows \"Sin alertas\" message when no high-risk barrios","duration":5.660900000000083,"failureMessages":[],"meta":{}},{"ancestorTitles":["AlertasPanel"],"fullName":"AlertasPanel shows ALTO barrios in the list","status":"passed","title":"shows ALTO barrios in the list","duration":24.827099999999973,"failureMessages":[],"meta":{}},{"ancestorTitles":["AlertasPanel"],"fullName":"AlertasPanel shows CR├ìTICO barrios in the list","status":"passed","title":"shows CR├ìTICO barrios in the list","duration":6.011399999999867,"failureMessages":[],"meta":{}},{"ancestorTitles":["AlertasPanel"],"fullName":"AlertasPanel does NOT show BAJO or MEDIO barrios","status":"passed","title":"does NOT show BAJO or MEDIO barrios","duration":3.745300000000043,"failureMessages":[],"meta":{}},{"ancestorTitles":["AlertasPanel"],"fullName":"AlertasPanel sorts barrios by IER descending","status":"passed","title":"sorts barrios by IER descending","duration":9.309999999999945,"failureMessages":[],"meta":{}},{"ancestorTitles":["AlertasPanel"],"fullName":"AlertasPanel calls onSelect when a card is clicked","status":"passed","title":"calls onSelect when a card is clicked","duration":7.95230000000015,"failureMessages":[],"meta":{}},{"ancestorTitles":["AlertasPanel"],"fullName":"AlertasPanel shows export button when there are alertas","status":"passed","title":"shows export button when there are alertas","duration":6.314499999999953,"failureMessages":[],"meta":{}},{"ancestorTitles":["AlertasPanel"],"fullName":"AlertasPanel does not show export button when no alertas","status":"passed","title":"does not show export button when no alertas","duration":6.450600000000122,"failureMessages":[],"meta":{}},{"ancestorTitles":["AlertasPanel"],"fullName":"AlertasPanel calls exportAlertasCSV when export button is clicked","status":"passed","title":"calls exportAlertasCSV when export button is clicked","duration":4.634299999999939,"failureMessages":[],"meta":{}},{"ancestorTitles":["AlertasPanel"],"fullName":"AlertasPanel highlights selected barrio card","status":"passed","title":"highlights selected barrio card","duration":5.1279000000001815,"failureMessages":[],"meta":{}},{"ancestorTitles":["AlertasPanel"],"fullName":"AlertasPanel shows correct count in header","status":"passed","title":"shows correct count in header","duration":5.223400000000083,"failureMessages":[],"meta":{}}],"startTime":1774295147720,"endTime":1774295147844.2234,"status":"passed","message":"","name":"G:/Proyectos/alquiler/frontend/src/test/AlertasPanel.test.tsx"},{"assertionResults":[{"ancestorTitles":["exportAlertasCSV"],"fullName":"exportAlertasCSV triggers a download click","status":"passed","title":"triggers a download click","duration":2.7049999999999272,"failureMessages":[],"meta":{}},{"ancestorTitles":["exportAlertasCSV"],"fullName":"exportAlertasCSV sets correct download filename with year","status":"passed","title":"sets correct download filename with year","duration":0.6935000000000855,"failureMessages":[],"meta":{}},{"ancestorTitles":["exportAlertasCSV"],"fullName":"exportAlertasCSV creates a Blob and calls createObjectURL","status":"passed","title":"creates a Blob and calls createObjectURL","duration":0.5063999999999851,"failureMessages":[],"meta":{}},{"ancestorTitles":["exportAlertasCSV"],"fullName":"exportAlertasCSV revokes the object URL after click","status":"passed","title":"revokes the object URL after click","duration":1.894900000000007,"failureMessages":[],"meta":{}},{"ancestorTitles":["exportAlertasCSV"],"fullName":"exportAlertasCSV filters out barrios without IER","status":"passed","title":"filters out barrios without IER","duration":0.6439000000000306,"failureMessages":[],"meta":{}},{"ancestorTitles":["exportAlertasCSV"],"fullName":"exportAlertasCSV handles empty barrios array","status":"passed","title":"handles empty barrios array","duration":0.8728000000000975,"failureMessages":[],"meta":{}}],"startTime":1774295147462,"endTime":1774295147468.8728,"status":"passed","message":"","name":"G:/Proyectos/alquiler/frontend/src/test/csv.test.ts"},{"assertionResults":[{"ancestorTitles":["FiltrosPanel"],"fullName":"FiltrosPanel renders the panel with heading","status":"passed","title":"renders the panel with heading","duration":48.246799999999894,"failureMessages":[],"meta":{}},{"ancestorTitles":["FiltrosPanel"],"fullName":"FiltrosPanel shows year selector with default value","status":"passed","title":"shows year selector with default value","duration":12.651200000000017,"failureMessages":[],"meta":{}},{"ancestorTitles":["FiltrosPanel"],"fullName":"FiltrosPanel calls onChange when year changes","status":"passed","title":"calls onChange when year changes","duration":14.442499999999882,"failureMessages":[],"meta":{}},{"ancestorTitles":["FiltrosPanel"],"fullName":"FiltrosPanel does NOT show Limpiar filtros button when defaults","status":"failed","title":"does NOT show Limpiar filtros button when defaults","duration":19.185899999999947,"failureMessages":["Error: \u001b[2mexpect(\u001b[22m\u001b[31melement\u001b[39m\u001b[2m).not.toBeInTheDocument()\u001b[22m\n\n\u001b[31mexpected document not to contain element, found <button\n  class=\"filtro-reset\"\n>\n  <svg\n    aria-hidden=\"true\"\n    class=\"lucide lucide-trash2 lucide-trash-2\"\n    fill=\"none\"\n    height=\"16\"\n    stroke=\"currentColor\"\n    stroke-linecap=\"round\"\n    stroke-linejoin=\"round\"\n    stroke-width=\"2\"\n    viewBox=\"0 0 24 24\"\n    width=\"16\"\n    xmlns=\"http://www.w3.org/2000/svg\"\n  >\n    <path\n      d=\"M10 11v6\"\n    />\n    <path\n      d=\"M14 11v6\"\n    />\n    <path\n      d=\"M19 6v14a2 2 0 0 1-2 2H7a2 2 0 0 1-2-2V6\"\n    />\n    <path\n      d=\"M3 6h18\"\n    />\n    <path\n      d=\"M8 6V4a2 2 0 0 1 2-2h4a2 2 0 0 1 2 2v2\"\n    />\n  </svg>\n   Limpiar filtros\n</button> instead\u001b[39m\n    at Proxy.expectWrapper (file:///G:/Proyectos/alquiler/frontend/node_modules/@vitest/expect/dist/index.js:1996:19)\n    at Proxy.<anonymous> (file:///G:/Proyectos/alquiler/frontend/node_modules/@vitest/expect/dist/index.js:972:17)\n    at Proxy.methodWrapper (file:///G:/Proyectos/alquiler/frontend/node_modules/chai/index.js:1686:25)\n    at G:\\Proyectos\\alquiler\\frontend\\src\\test\\FiltrosPanel.test.tsx:45:56\n    at file:///G:/Proyectos/alquiler/frontend/node_modules/@vitest/runner/dist/index.js:146:14\n    at file:///G:/Proyectos/alquiler/frontend/node_modules/@vitest/runner/dist/index.js:533:11\n    at runWithTimeout (file:///G:/Proyectos/alquiler/frontend/node_modules/@vitest/runner/dist/index.js:39:7)\n    at runTest (file:///G:/Proyectos/alquiler/frontend/node_modules/@vitest/runner/dist/index.js:1056:17)\n    at processTicksAndRejections (node:internal/process/task_queues:104:5)\n    at runSuite (file:///G:/Proyectos/alquiler/frontend/node_modules/@vitest/runner/dist/index.js:1205:15)"],"meta":{}},{"ancestorTitles":["FiltrosPanel"],"fullName":"FiltrosPanel shows Limpiar filtros button when filtros are modified","status":"passed","title":"shows Limpiar filtros button when filtros are modified","duration":16.879199999999855,"failureMessages":[],"meta":{}},{"ancestorTitles":["FiltrosPanel"],"fullName":"FiltrosPanel shows Limpiar filtros when riesgo is not TODOS","status":"passed","title":"shows Limpiar filtros when riesgo is not TODOS","duration":9.13980000000015,"failureMessages":[],"meta":{}},{"ancestorTitles":["FiltrosPanel"],"fullName":"FiltrosPanel calls onChange with DEFAULT_FILTROS when Limpiar is clicked","status":"failed","title":"calls onChange with DEFAULT_FILTROS when Limpiar is clicked","duration":11.794300000000021,"failureMessages":["AssertionError: expected 2025 to be 2024 // Object.is equality\n    at G:\\Proyectos\\alquiler\\frontend\\src\\test\\FiltrosPanel.test.tsx:73:23\n    at file:///G:/Proyectos/alquiler/frontend/node_modules/@vitest/runner/dist/index.js:146:14\n    at file:///G:/Proyectos/alquiler/frontend/node_modules/@vitest/runner/dist/index.js:533:11\n    at runWithTimeout (file:///G:/Proyectos/alquiler/frontend/node_modules/@vitest/runner/dist/index.js:39:7)\n    at runTest (file:///G:/Proyectos/alquiler/frontend/node_modules/@vitest/runner/dist/index.js:1056:17)\n    at processTicksAndRejections (node:internal/process/task_queues:104:5)\n    at runSuite (file:///G:/Proyectos/alquiler/frontend/node_modules/@vitest/runner/dist/index.js:1205:15)\n    at runSuite (file:///G:/Proyectos/alquiler/frontend/node_modules/@vitest/runner/dist/index.js:1205:15)\n    at runFiles (file:///G:/Proyectos/alquiler/frontend/node_modules/@vitest/runner/dist/index.js:1262:5)\n    at startTests (file:///G:/Proyectos/alquiler/frontend/node_modules/@vitest/runner/dist/index.js:1271:3)"],"meta":{}},{"ancestorTitles":["FiltrosPanel"],"fullName":"FiltrosPanel renders distritos in the district selector","status":"passed","title":"renders distritos in the district selector","duration":9.26870000000008,"failureMessages":[],"meta":{}},{"ancestorTitles":["FiltrosPanel"],"fullName":"FiltrosPanel calls onChange with district null when empty option selected","status":"passed","title":"calls onChange with district null when empty option selected","duration":8.723600000000033,"failureMessages":[],"meta":{}}],"startTime":1774295147721,"endTime":1774295147871.7236,"status":"failed","message":"","name":"G:/Proyectos/alquiler/frontend/src/test/FiltrosPanel.test.tsx"},{"assertionResults":[{"ancestorTitles":["ierToColor"],"fullName":"ierToColor returns green for IER < 25","status":"passed","title":"returns green for IER < 25","duration":1.763400000000047,"failureMessages":[],"meta":{}},{"ancestorTitles":["ierToColor"],"fullName":"ierToColor returns yellow for IER 25ÔÇô49","status":"passed","title":"returns yellow for IER 25ÔÇô49","duration":0.3869999999999436,"failureMessages":[],"meta":{}},{"ancestorTitles":["ierToColor"],"fullName":"ierToColor returns orange for IER 50ÔÇô74","status":"passed","title":"returns orange for IER 50ÔÇô74","duration":0.4353000000000975,"failureMessages":[],"meta":{}},{"ancestorTitles":["ierToColor"],"fullName":"ierToColor returns red for IER >= 75","status":"passed","title":"returns red for IER >= 75","duration":0.19329999999990832,"failureMessages":[],"meta":{}},{"ancestorTitles":["ierToLabel"],"fullName":"ierToLabel returns Bajo for IER < 25","status":"passed","title":"returns Bajo for IER < 25","duration":0.2235000000000582,"failureMessages":[],"meta":{}},{"ancestorTitles":["ierToLabel"],"fullName":"ierToLabel returns Moderado for IER 25ÔÇô49","status":"passed","title":"returns Moderado for IER 25ÔÇô49","duration":0.24230000000011387,"failureMessages":[],"meta":{}},{"ancestorTitles":["ierToLabel"],"fullName":"ierToLabel returns Alto for IER 50ÔÇô74","status":"passed","title":"returns Alto for IER 50ÔÇô74","duration":0.1815999999998894,"failureMessages":[],"meta":{}},{"ancestorTitles":["ierToLabel"],"fullName":"ierToLabel returns Cr├¡tico for IER >= 75","status":"passed","title":"returns Cr├¡tico for IER >= 75","duration":0.14620000000013533,"failureMessages":[],"meta":{}},{"ancestorTitles":["RIESGO_COLORS"],"fullName":"RIESGO_COLORS has all four risk levels defined","status":"passed","title":"has all four risk levels defined","duration":0.2716000000000349,"failureMessages":[],"meta":{}},{"ancestorTitles":["RIESGO_COLORS"],"fullName":"RIESGO_COLORS maps CR├ìTICO to red","status":"passed","title":"maps CR├ìTICO to red","duration":0.20900000000006003,"failureMessages":[],"meta":{}},{"ancestorTitles":["RIESGO_COLORS"],"fullName":"RIESGO_COLORS maps BAJO to green","status":"passed","title":"maps BAJO to green","duration":0.5451000000000477,"failureMessages":[],"meta":{}}],"startTime":1774295147461,"endTime":1774295147466.5452,"status":"passed","message":"","name":"G:/Proyectos/alquiler/frontend/src/test/ier.test.ts"}]}
